<?xml version="1.0" encoding="UTF-8"?>
<testng-results skipped="0" failed="0" ignored="0" total="1" passed="1">
  <reporter-output>
  </reporter-output>
  <suite name="Default suite" duration-ms="14050" started-at="2017-05-11T18:46:23Z" finished-at="2017-05-11T18:46:37Z">
    <groups>
    </groups>
    <test name="Default test" duration-ms="14050" started-at="2017-05-11T18:46:23Z" finished-at="2017-05-11T18:46:37Z">
      <class name="frame.Calender">
        <test-method status="PASS" signature="alerts1(java.lang.String, java.lang.String)[pri:0, instance:frame.Calender@38203]" name="alerts1" duration-ms="13976" started-at="2017-05-11T14:46:23Z" data-provider="getData" finished-at="2017-05-11T14:46:37Z">
          <params>
            <param index="0">
              <value>
                <![CDATA[delhi]]>
              </value>
            </param>
            <param index="1">
              <value>
                <![CDATA[Hyderabad]]>
              </value>
            </param>
          </params>
          <reporter-output>
          </reporter-output>
        </test-method> <!-- alerts1 -->
      </class> <!-- frame.Calender -->
    </test> <!-- Default test -->
  </suite> <!-- Default suite -->
</testng-results>
